<?xml version="1.0" encoding="UTF-8"?>
<testng-results skipped="0" failed="0" total="1" passed="1">
  <reporter-output>
  </reporter-output>
  <suite name="Default suite" duration-ms="2471" started-at="2020-04-23T20:49:08Z" finished-at="2020-04-23T20:49:10Z">
    <groups>
    </groups>
    <test name="Default test" duration-ms="2471" started-at="2020-04-23T20:49:08Z" finished-at="2020-04-23T20:49:10Z">
      <class name="com.api.tests.DELETEAPICall">
        <test-method status="PASS" signature="deleteUserWithDELETEAPI()[pri:0, instance:com.api.tests.DELETEAPICall@4ec6a292]" name="deleteUserWithDELETEAPI" duration-ms="2455" started-at="2020-04-24T02:19:08Z" finished-at="2020-04-24T02:19:10Z">
          <reporter-output>
          </reporter-output>
        </test-method> <!-- deleteUserWithDELETEAPI -->
      </class> <!-- com.api.tests.DELETEAPICall -->
    </test> <!-- Default test -->
  </suite> <!-- Default suite -->
</testng-results>
